515.75;7.150461966;5757.40848344;3.00E-10;1.0
514.55;7.131980922;5889.4295952;3.10E-10;1.0
513.9;7.162355971;6151.86180515;3.20E-10;1.0
514.05;7.270468584;6763.66695719;3.31E-10;1.0
514.45;7.397753637;6871.53786558;3.41E-10;1.0
514.65;7.493971838;6869.92785202;3.51E-10;1.0
514.7;7.567125103;6829.67751307;3.61E-10;1.0
514.6;7.618719951;6778.15707922;3.71E-10;1.0
514.3;7.644061047;6718.58657757;3.81E-10;1.0
513.95;7.661665991;6697.65640132;3.92E-10;1.0
513.45;7.660440563;6626.81580477;4.02E-10;1.0
512.95;7.658168968;6602.66560139;4.12E-10;1.0
512.35;7.643529885;6544.70511331;4.22E-10;1.0
511.76;7.629233624;6522.16492349;4.32E-10;1.0
511.16;7.612972605;6499.62473368;4.42E-10;1.0
510.61;7.601471588;6477.08454387;4.53E-10;1.0
510.03;7.585515701;6493.18467945;4.63E-10;1.0
509.53;7.577413807;6506.06478791;4.73E-10;1.0
509.08;7.573549672;6533.4350184;4.83E-10;1.0
508.73;7.579419069;6583.3454387;4.93E-10;1.0
508.48;7.594828717;6647.74598102;5.03E-10;1.0
508.38;7.625423742;6752.39686229;5.14E-10;1.0
508.43;7.671081575;6905.3481503;5.24E-10;1.0
508.73;7.743901385;7154.90025179;5.34E-10;1.0
509.4;7.859803169;7649.1744141;5.44E-10;1.0
510.7;8.057284895;8452.57117955;5.54E-10;1.0
512.27;8.289327881;8721.44344373;5.64E-10;1.0
513.82;8.514002426;8806.77416231;5.75E-10;1.0
515.28;8.721134773;8832.53437924;5.85E-10;1.0
516.64;8.909825253;8826.09432501;5.95E-10;1.0
517.89;9.079087776;8809.99418943;6.05E-10;1.0
519.05;9.23266142;8787.45399961;6.15E-10;1.0
520.11;9.369419833;8758.47375557;6.25E-10;1.0
521.08;9.491362239;8726.27348441;6.36E-10;1.0
521.98;9.601991337;8697.29324036;6.46E-10;1.0
522.79;9.698438738;8663.48295565;6.56E-10;1.0
523.54;9.785665271;8636.11272516;6.66E-10;1.0
524.24;9.865418411;8608.74249467;6.76E-10;1.0
524.89;9.937838377;8563.66211505;6.86E-10;1.0
525.45;9.996838028;8555.61204726;6.97E-10;1.0
526.0;10.054943761;8531.46184389;7.07E-10;1.0
526.5;10.106009414;8510.53166763;7.17E-10;1.0
526.95;10.150101169;8487.99147782;7.27E-10;1.0
527.4;10.1949514;8471.89134224;7.37E-10;1.0
527.8;10.232883962;8471.89134224;7.47E-10;1.0
528.15;10.263926472;8434.86103041;7.58E-10;1.0
528.5;10.295744869;8421.98092194;7.68E-10;1.0
528.81;10.32221448;8402.66075925;7.78E-10;1.0
529.11;10.347905857;8391.39066434;7.88E-10;1.0
529.41;10.374326814;8373.6805152;7.98E-10;1.0
529.66;10.393841263;8368.85047453;8.08E-10;1.0
529.91;10.414050121;8355.97036607;8.19E-10;1.0
530.16;10.434922518;8347.92029828;8.29E-10;1.0
530.36;10.44885212;8331.8201627;8.39E-10;1.0
530.57;10.464918484;8323.77009491;8.49E-10;1.0
530.77;10.48006549;8317.33004067;8.59E-10;1.0
530.97;10.495785661;8309.27997288;8.69E-10;1.0
531.13;10.506003266;8304.44993221;8.80E-10;1.0
531.29;10.516753212;8296.39986442;8.90E-10;1.0
531.45;10.528010023;8289.95981019;9.00E-10;1.0
515.4;7.161512268;5796.04880883;3.00E-10;1.2
514.32;7.153409554;5968.32025954;3.10E-10;1.2
513.82;7.197659495;6320.91322874;3.20E-10;1.2
514.12;7.320553095;6847.38766221;3.31E-10;1.2
514.52;7.445628045;6921.44828588;3.41E-10;1.2
514.77;7.545829763;6903.73813674;3.51E-10;1.2
514.82;7.617052351;6858.65775712;3.61E-10;1.2
514.68;7.662068382;6800.69726903;3.71E-10;1.2
514.43;7.691559618;6747.56682161;3.81E-10;1.2
514.04;7.702803645;6699.26641488;3.92E-10;1.2
513.59;7.705760819;6652.57602169;4.02E-10;1.2
513.09;7.701907603;6610.71566918;4.12E-10;1.2
512.54;7.691436141;6578.51539802;4.22E-10;1.2
511.95;7.675592302;6552.7551811;4.32E-10;1.2
511.4;7.663509855;6539.87507263;4.42E-10;1.2
510.85;7.650508273;6535.04503196;4.53E-10;1.2
510.3;7.636435703;6538.26505907;4.63E-10;1.2
509.85;7.632536094;6560.80524889;4.73E-10;1.2
509.45;7.632885439;6588.17547937;4.83E-10;1.2
509.15;7.643012654;6630.03583188;4.93E-10;1.2
508.95;7.662701063;6729.85667248;5.03E-10;1.2
508.9;7.697623212;6840.94760798;5.14E-10;1.2
509.05;7.753711314;7034.14923494;5.24E-10;1.2
509.46;7.838518908;7343.27183808;5.34E-10;1.2
510.34;7.980494473;7967.95709859;5.44E-10;1.2
511.75;8.192250514;8536.29188456;5.54E-10;1.2
513.3;8.420369742;8721.44344373;5.64E-10;1.2
514.8;8.636774783;8792.28404029;5.75E-10;1.2
516.2;8.834253794;8803.55413519;5.85E-10;1.2
517.5;9.013458887;8800.33410808;5.95E-10;1.2
518.7;9.174984814;8785.84398606;6.05E-10;1.2
519.8;9.319354766;8760.08376913;6.15E-10;1.2
520.8;9.447031143;8729.49351152;6.25E-10;1.2
521.75;9.566311384;8710.17334883;6.36E-10;1.2
522.6;9.669606148;8673.14303699;6.46E-10;1.2
523.36;9.758795614;8642.55277939;6.56E-10;1.2
524.08;9.841949756;8616.79256246;6.66E-10;1.2
524.74;9.916104138;8584.5922913;6.76E-10;1.2
525.35;9.982956579;8560.44208793;6.86E-10;1.2
525.91;10.042623137;8539.51191168;6.97E-10;1.2
526.42;10.095198107;8513.75169475;7.07E-10;1.2
526.92;10.146919257;8484.77145071;7.17E-10;1.2
527.34;10.187039461;8473.5013558;7.27E-10;1.2
527.75;10.226380641;8455.79120666;7.37E-10;1.2
528.12;10.260345217;8438.08105752;7.47E-10;1.2
528.48;10.293543066;8418.76089483;7.58E-10;1.2
528.83;10.325960064;8399.44073213;7.68E-10;1.2
529.13;10.351485438;8391.39066434;7.78E-10;1.2
529.4;10.373170856;8381.73058299;7.88E-10;1.2
529.67;10.395574738;8370.46048809;7.98E-10;1.2
529.92;10.415632214;8355.97036607;8.08E-10;1.2
530.17;10.436359193;8346.31028472;8.19E-10;1.2
530.38;10.451666223;8331.8201627;8.29E-10;1.2
530.59;10.467598666;8325.38010846;8.39E-10;1.2
530.79;10.482621209;8317.33004067;8.49E-10;1.2
530.99;10.498224008;8309.27997288;8.59E-10;1.2
531.16;10.50984388;8302.83991865;8.69E-10;1.2
531.33;10.522000551;8296.39986442;8.80E-10;1.2
531.49;10.533160562;8288.34979663;8.90E-10;1.2
531.64;10.543303104;8280.29972884;9.00E-10;1.2
515.1;7.179959829;5841.12918846;3.00E-10;1.411111111
514.11;7.179169677;6008.57059849;3.10E-10;1.411111111
513.78;7.239501082;6462.59442185;3.20E-10;1.411111111
514.23;7.377363948;6932.71838079;3.31E-10;1.411111111
514.64;7.501312149;6963.30863839;3.41E-10;1.411111111
514.89;7.599341102;6939.15843502;3.51E-10;1.411111111
514.94;7.668500836;6890.85802828;3.61E-10;1.411111111
514.8;7.711538153;6837.72758086;3.71E-10;1.411111111
514.55;7.739156294;6779.76709278;3.81E-10;1.411111111
514.2;7.753284556;6712.14652334;3.92E-10;1.411111111
513.75;7.754478019;6638.08589967;4.02E-10;1.411111111
513.25;7.748878083;6647.74598102;4.12E-10;1.411111111
512.75;7.74249574;6617.15572342;4.22E-10;1.411111111
512.2;7.729562431;6610.71566918;4.32E-10;1.411111111
511.65;7.715822861;6580.12541158;4.42E-10;1.411111111
511.1;7.701157173;6581.73542514;4.53E-10;1.411111111
510.62;7.693452039;6591.39550649;4.63E-10;1.411111111
510.22;7.693678996;6617.15572342;4.73E-10;1.411111111
509.83;7.693483071;6654.18603525;4.83E-10;1.411111111
509.58;7.707726302;6716.97656401;4.93E-10;1.411111111
509.45;7.733899899;6816.79740461;5.03E-10;1.411111111
509.5;7.779043618;6953.64855704;5.14E-10;1.411111111
509.75;7.845598108;7180.66046872;5.24E-10;1.411111111
510.33;7.950335176;7565.45370908;5.34E-10;1.411111111
511.4;8.116731047;8209.45913229;5.44E-10;1.411111111
512.85;8.333190609;8578.15223707;5.54E-10;1.411111111
514.33;8.549689846;8715.0033895;5.64E-10;1.411111111
515.75;8.753087678;8764.9138098;5.75E-10;1.411111111
517.1;8.942541008;8782.62395894;5.85E-10;1.411111111
518.35;9.113915221;8771.35386403;5.95E-10;1.411111111
519.48;9.264585146;8756.86374201;6.05E-10;1.411111111
520.53;9.401418864;8731.10352508;6.15E-10;1.411111111
521.5;9.524832985;8706.95332171;6.25E-10;1.411111111
522.4;9.636765478;8676.36306411;6.36E-10;1.411111111
523.2;9.732802152;8645.77280651;6.46E-10;1.411111111
523.95;9.821065863;8623.2326167;6.56E-10;1.411111111
524.65;9.901749202;8589.42233198;6.66E-10;1.411111111
525.26;9.96878713;8563.66211505;6.76E-10;1.411111111
525.86;10.034769928;8554.0020337;6.86E-10;1.411111111
526.37;10.087382199;8518.58173542;6.97E-10;1.411111111
526.87;10.13910258;8499.26157273;7.07E-10;1.411111111
527.32;10.183803152;8475.11136936;7.17E-10;1.411111111
527.73;10.223072549;8459.01123378;7.27E-10;1.411111111
528.13;10.261549246;8438.08105752;7.37E-10;1.411111111
528.48;10.293108906;8418.76089483;7.47E-10;1.411111111
528.83;10.325412877;8412.3208406;7.58E-10;1.411111111
529.13;10.350823508;8391.39066434;7.68E-10;1.411111111
529.43;10.376964233;8376.90054232;7.78E-10;1.411111111
529.69;10.397722607;8370.46048809;7.88E-10;1.411111111
529.95;10.419184147;8355.97036607;7.98E-10;1.411111111
530.2;10.439798628;8344.70027116;8.08E-10;1.411111111
530.42;10.45651387;8330.21014914;8.19E-10;1.411111111
530.63;10.472343137;8323.77009491;8.29E-10;1.411111111
530.83;10.487268265;8315.72002712;8.39E-10;1.411111111
531.03;10.502780537;8306.05994577;8.49E-10;1.411111111
531.2;10.514314267;8302.83991865;8.59E-10;1.411111111
531.37;10.526393184;8294.78985086;8.69E-10;1.411111111
531.53;10.537480811;8286.73978307;8.80E-10;1.411111111
531.68;10.547557062;8278.68971528;8.90E-10;1.411111111
531.83;10.558110283;8272.24966105;9.00E-10;1.411111111
514.8;7.198193736;5960.27019175;3.00E-10;1.622222222
513.91;7.205655427;6106.78142553;3.10E-10;1.622222222
513.8;7.287766711;6662.23610304;3.20E-10;1.622222222
514.32;7.431341557;6981.01878753;3.31E-10;1.622222222
514.77;7.557796301;7006.77900446;3.41E-10;1.622222222
515.02;7.653614105;6971.35870618;3.51E-10;1.622222222
515.07;7.720671674;6921.44828588;3.61E-10;1.622222222
514.97;7.76648744;6868.31783847;3.71E-10;1.622222222
514.72;7.792143001;6815.18739105;3.81E-10;1.622222222
514.37;7.8043861;6760.44693008;3.92E-10;1.622222222
513.93;7.804901194;6718.58657757;4.02E-10;1.622222222
513.48;7.803374754;6691.21634709;4.12E-10;1.622222222
512.94;7.790589794;6657.40606237;4.22E-10;1.622222222
512.44;7.781726208;6642.91594035;4.32E-10;1.622222222
511.9;7.767415704;6625.20579121;4.42E-10;1.622222222
511.41;7.757957985;6626.81580477;4.53E-10;1.622222222
510.96;7.752009296;6641.30592679;4.63E-10;1.622222222
510.58;7.752839768;6678.33623862;4.73E-10;1.622222222
510.28;7.761400214;6720.19659113;4.83E-10;1.622222222
510.08;7.779785288;6797.47724191;4.93E-10;1.622222222
510.03;7.813753071;6913.39821809;5.03E-10;1.622222222
510.15;7.865615781;7077.61960101;5.14E-10;1.622222222
510.53;7.946652541;7341.66182452;5.24E-10;1.622222222
511.27;8.070697695;7798.90567499;5.34E-10;1.622222222
512.47;8.253911369;8344.70027116;5.44E-10;1.622222222
513.89;8.464682443;8600.69242688;5.54E-10;1.622222222
515.34;8.6758955;8711.78336239;5.64E-10;1.622222222
516.69;8.867973259;8743.98363355;5.75E-10;1.622222222
517.96;9.04470177;8755.25372845;5.85E-10;1.622222222
519.16;9.20829091;8748.81367422;5.95E-10;1.622222222
520.26;9.354507625;8724.66347085;6.05E-10;1.622222222
521.26;9.483829431;8702.12328104;6.15E-10;1.622222222
522.17;9.598257089;8681.19310478;6.25E-10;1.622222222
523.02;9.702872985;8652.21286074;6.36E-10;1.622222222
523.79;9.794813463;8626.45264381;6.46E-10;1.622222222
524.5;9.877463414;8597.47239977;6.56E-10;1.622222222
525.15;9.951017969;8568.49215572;6.66E-10;1.622222222
525.75;10.017191668;8547.56197947;6.76E-10;1.622222222
526.3;10.0761143;8523.4117761;6.86E-10;1.622222222
526.81;10.129432674;8497.65155917;6.97E-10;1.622222222
527.27;10.17567777;8476.72138292;7.07E-10;1.622222222
527.72;10.221066816;8452.57117955;7.17E-10;1.622222222
528.12;10.259476485;8438.08105752;7.27E-10;1.622222222
528.47;10.290953308;8420.37090839;7.37E-10;1.622222222
528.82;10.323168004;8404.27077281;7.47E-10;1.622222222
529.14;10.351527559;8393.0006779;7.58E-10;1.622222222
529.44;10.377559523;8383.34059655;7.68E-10;1.622222222
529.71;10.399734175;8370.46048809;7.78E-10;1.622222222
529.97;10.421088519;8354.36035251;7.88E-10;1.622222222
530.22;10.441597995;8343.0902576;7.98E-10;1.622222222
530.47;10.462762108;8320.55006779;8.08E-10;1.622222222
530.67;10.476976829;8322.16008135;8.19E-10;1.622222222
530.87;10.491809006;8314.11001356;8.29E-10;1.622222222
531.07;10.507234176;8302.83991865;8.39E-10;1.622222222
531.24;10.518686233;8301.22990509;8.49E-10;1.622222222
531.41;10.530689729;8293.1798373;8.59E-10;1.622222222
531.57;10.54170794;8285.12976951;8.69E-10;1.622222222
531.72;10.551719722;8278.68971528;8.80E-10;1.622222222
531.87;10.562216482;8269.02963393;8.90E-10;1.622222222
532.02;10.573172631;8265.80960682;9.00E-10;1.622222222
514.5;7.21614536;5913.57979857;3.00E-10;1.833333333
513.77;7.238226159;6213.04232036;3.10E-10;1.833333333
513.87;7.341519317;6832.89754019;3.20E-10;1.833333333
514.47;7.492242929;7040.58928917;3.31E-10;1.833333333
514.92;7.616314843;7043.80931629;3.41E-10;1.833333333
515.17;7.709873933;7003.55897734;3.51E-10;1.833333333
515.22;7.77477306;6958.47859772;3.61E-10;1.833333333
515.12;7.818540688;6898.90809607;3.71E-10;1.833333333
514.87;7.842215589;6847.38766221;3.81E-10;1.833333333
514.57;7.858486617;6789.42717412;3.92E-10;1.833333333
514.13;7.857101714;6760.44693008;4.02E-10;1.833333333
513.68;7.853756849;6723.41661824;4.12E-10;1.833333333
513.19;7.844999722;6697.65640132;4.22E-10;1.833333333
512.69;7.834354336;6683.1662793;4.32E-10;1.833333333
512.21;7.825239885;6676.72622506;4.42E-10;1.833333333
511.76;7.818669796;6683.1662793;4.53E-10;1.833333333
511.36;7.816789528;6704.09645555;4.63E-10;1.833333333
511.01;7.819362475;6737.90674027;4.73E-10;1.833333333
510.76;7.832030411;6792.64720124;4.83E-10;1.833333333
510.62;7.8557457;6884.41797405;4.93E-10;1.833333333
510.67;7.900062602;7019.65911292;5.03E-10;1.833333333
510.87;7.959999324;7206.42068565;5.14E-10;1.833333333
511.37;8.054613884;7520.37332946;5.24E-10;1.833333333
512.27;8.198695664;7993.71731551;5.34E-10;1.833333333
513.52;8.387710642;8420.37090839;5.44E-10;1.833333333
514.92;8.594512989;8605.52246756;5.54E-10;1.833333333
516.28;8.791118907;8694.07321325;5.64E-10;1.833333333
517.58;8.975086814;8724.66347085;5.75E-10;1.833333333
518.8;9.143916225;8729.49351152;5.85E-10;1.833333333
519.95;9.299766514;8719.83343018;5.95E-10;1.833333333
520.97;9.433641316;8705.34330815;6.05E-10;1.833333333
521.93;9.557080649;8682.80311834;6.15E-10;1.833333333
522.83;9.670446484;8652.21286074;6.25E-10;1.833333333
523.63;9.767770503;8624.84263025;6.36E-10;1.833333333
524.35;9.8524936;8605.52246756;6.46E-10;1.833333333
525.05;9.934226638;8581.37226419;6.56E-10;1.833333333
525.65;10.00066534;8550.78200658;6.66E-10;1.833333333
526.22;10.062867118;8529.85183033;6.76E-10;1.833333333
526.77;10.122477819;8481.55142359;6.86E-10;1.833333333
527.23;10.168765059;8479.94141003;6.97E-10;1.833333333
527.68;10.214158295;8463.84127445;7.07E-10;1.833333333
528.08;10.252541989;8446.13112531;7.17E-10;1.833333333
528.48;10.291630189;8426.81096262;7.27E-10;1.833333333
528.83;10.323767409;8413.93085415;7.37E-10;1.833333333
529.14;10.350515931;8393.0006779;7.47E-10;1.833333333
529.45;10.377982349;8381.73058299;7.58E-10;1.833333333
529.75;10.404630289;8365.63044741;7.68E-10;1.833333333
530.0;10.424359261;8354.36035251;7.78E-10;1.833333333
530.25;10.444770418;8343.0902576;7.88E-10;1.833333333
530.47;10.461288703;8330.21014914;7.98E-10;1.833333333
530.69;10.478446835;8322.16008135;8.08E-10;1.833333333
530.9;10.494709055;8312.5;8.19E-10;1.833333333
531.1;10.510051999;8304.44993221;8.29E-10;1.833333333
531.27;10.521428524;8299.61989154;8.39E-10;1.833333333
531.44;10.533360567;8293.1798373;8.49E-10;1.833333333
531.6;10.544313955;8285.12976951;8.59E-10;1.833333333
531.76;10.555778147;8275.46968817;8.69E-10;1.833333333
531.91;10.566219247;8267.41962038;8.80E-10;1.833333333
532.06;10.57712566;8265.80960682;8.90E-10;1.833333333
532.17;10.582453537;8252.92949835;9.00E-10;1.833333333
514.25;7.23898359;6013.40063916;3.00E-10;2.044444444
513.66;7.27375491;6311.2531474;3.10E-10;2.044444444
513.96;7.397280318;6948.81851637;3.20E-10;2.044444444
514.61;7.551527744;7093.71973659;3.31E-10;2.044444444
515.06;7.673167635;7084.05965524;3.41E-10;2.044444444
515.31;7.764440426;7037.36926206;3.51E-10;2.044444444
515.38;7.829605651;6987.45884176;3.61E-10;2.044444444
515.28;7.871271108;6934.32839434;3.71E-10;2.044444444
515.08;7.898928301;6884.41797405;3.81E-10;2.044444444
514.75;7.909642167;6836.11756731;3.92E-10;2.044444444
514.36;7.912260758;6792.64720124;4.02E-10;2.044444444
513.92;7.908198297;6766.88698431;4.12E-10;2.044444444
513.47;7.90228297;6741.12676738;4.22E-10;2.044444444
513.02;7.895659614;6725.0266318;4.32E-10;2.044444444
512.57;7.888228377;6713.7565369;4.42E-10;2.044444444
512.12;7.879812229;6734.68671315;4.53E-10;2.044444444
511.77;7.881993139;6760.44693008;4.63E-10;2.044444444
511.47;7.88862641;6802.30728259;4.73E-10;2.044444444
511.28;7.906599078;6871.53786558;4.83E-10;2.044444444
511.23;7.939356143;6976.18874685;4.93E-10;2.044444444
511.33;7.987979625;7127.53002131;5.03E-10;2.044444444
511.63;8.058577019;7348.10187875;5.14E-10;2.044444444
512.26;8.168405126;7700.69484796;5.24E-10;2.044444444
513.26;8.324612499;8153.10865776;5.34E-10;2.044444444
514.53;8.515134219;8462.23126089;5.44E-10;2.044444444
515.88;8.713367702;8608.74249467;5.54E-10;2.044444444
517.19;8.901686481;8677.97307767;5.64E-10;2.044444444
518.44;9.077612191;8703.7332946;5.75E-10;2.044444444
519.6;9.237010857;8705.34330815;5.85E-10;2.044444444
520.7;9.385167488;8694.07321325;5.95E-10;2.044444444
521.67;9.511501186;8677.97307767;6.05E-10;2.044444444
522.59;9.629082436;8652.21286074;6.15E-10;2.044444444
523.44;9.735101871;8629.67267093;6.25E-10;2.044444444
524.19;9.825172031;8608.74249467;6.36E-10;2.044444444
524.9;9.908967942;8576.54222351;6.46E-10;2.044444444
525.55;9.98355472;8554.0020337;6.56E-10;2.044444444
526.15;10.050670018;8525.02178966;6.66E-10;2.044444444
526.7;10.110448971;8476.72138292;6.76E-10;2.044444444
527.2;10.163011496;8476.72138292;6.86E-10;2.044444444
527.65;10.208451786;8460.62124734;6.97E-10;2.044444444
528.06;10.248377744;8446.13112531;7.07E-10;2.044444444
528.46;10.287442351;8428.42097618;7.17E-10;2.044444444
528.81;10.319538141;8405.88078636;7.27E-10;2.044444444
529.16;10.352333405;8394.61069146;7.37E-10;2.044444444
529.46;10.378197313;8381.73058299;7.47E-10;2.044444444
529.76;10.404764558;8362.4104203;7.58E-10;2.044444444
530.01;10.424408039;8354.36035251;7.68E-10;2.044444444
530.26;10.44473642;8339.87023049;7.78E-10;2.044444444
530.51;10.465720662;8333.43017625;7.88E-10;2.044444444
530.72;10.481280777;8318.94005423;7.98E-10;2.044444444
530.93;10.497461952;8310.88998644;8.08E-10;2.044444444
531.13;10.512728356;8306.05994577;8.19E-10;2.044444444
531.33;10.528574141;8306.05994577;8.29E-10;2.044444444
531.48;10.537413701;8291.56982375;8.39E-10;2.044444444
531.64;10.548306512;8281.9097424;8.49E-10;2.044444444
531.8;10.559713434;8273.85967461;8.59E-10;2.044444444
531.95;10.57010297;8267.41962038;8.69E-10;2.044444444
532.1;10.580964164;8264.19959326;8.80E-10;2.044444444
532.21;10.586251016;8251.3194848;8.90E-10;2.044444444
532.36;10.597995206;8238.43937633;9.00E-10;2.044444444
514.05;7.266894955;6129.32161534;3.00E-10;2.255555556
513.6;7.314482808;6462.59442185;3.10E-10;2.255555556
514.1;7.45875146;7047.0293434;3.20E-10;2.255555556
514.76;7.611639744;7138.80011621;3.31E-10;2.255555556
515.23;7.733302027;7119.47995351;3.41E-10;2.255555556
515.49;7.823463947;7077.61960101;3.51E-10;2.255555556
515.59;7.890074359;7021.26912648;3.61E-10;2.255555556
515.49;7.929550199;6968.13867906;3.71E-10;2.255555556
515.29;7.955119731;6911.78820453;3.81E-10;2.255555556
514.99;7.967390694;6877.97791981;3.92E-10;2.255555556
514.6;7.968007206;6837.72758086;4.02E-10;2.255555556
514.2;7.966751323;6808.74733682;4.12E-10;2.255555556
513.76;7.960094921;6782.98711989;4.22E-10;2.255555556
513.32;7.952748879;6776.54706566;4.32E-10;2.255555556
512.92;7.949338727;6774.9370521;4.42E-10;2.255555556
512.53;7.94610894;6789.42717412;4.53E-10;2.255555556
512.23;7.952360996;6821.62744528;4.63E-10;2.255555556
511.98;7.963068773;6876.36790626;4.73E-10;2.255555556
511.83;7.983944647;6955.2585706;4.83E-10;2.255555556
511.84;8.022110597;7071.17954677;4.93E-10;2.255555556
512.04;8.081294435;7233.79091613;5.03E-10;2.255555556
512.45;8.164101384;7493.00309897;5.14E-10;2.255555556
513.19;8.286905667;7864.91623087;5.24E-10;2.255555556
514.26;8.451430956;8252.92949835;5.34E-10;2.255555556
515.52;8.639262166;8491.21150494;5.44E-10;2.255555556
516.82;8.829057789;8603.912454;5.54E-10;2.255555556
518.08;9.009184376;8660.26292853;5.64E-10;2.255555556
519.28;9.177132134;8682.80311834;5.75E-10;2.255555556
520.38;9.327154694;8684.4131319;5.85E-10;2.255555556
521.4;9.462927815;8671.53302344;5.95E-10;2.255555556
522.35;9.586490323;8652.21286074;6.05E-10;2.255555556
523.22;9.696665618;8632.89269804;6.15E-10;2.255555556
524.02;9.795374811;8611.96252179;6.25E-10;2.255555556
524.77;9.886038876;8589.42233198;6.36E-10;2.255555556
525.42;9.961095938;8558.83207437;6.46E-10;2.255555556
526.03;10.03012072;8536.29188456;6.56E-10;2.255555556
526.59;10.091714178;8508.92165408;6.66E-10;2.255555556
527.11;10.147548911;8486.38146426;6.76E-10;2.255555556
527.61;10.200806275;8471.89134224;6.86E-10;2.255555556
528.02;10.240783267;8450.96116599;6.97E-10;2.255555556
528.42;10.279869832;8426.81096262;7.07E-10;2.255555556
528.82;10.319607033;8396.22070502;7.17E-10;2.255555556
529.14;10.347778673;8394.61069146;7.27E-10;2.255555556
529.46;10.376644168;8383.34059655;7.37E-10;2.255555556
529.76;10.403150302;8365.63044741;7.47E-10;2.255555556
530.03;10.425768384;8354.36035251;7.58E-10;2.255555556
530.28;10.446023303;8338.26021693;7.68E-10;2.255555556
530.53;10.466933758;8330.21014914;7.78E-10;2.255555556
530.75;10.483935681;8318.94005423;7.88E-10;2.255555556
530.96;10.500044587;8312.5;7.98E-10;2.255555556
531.16;10.515243985;8304.44993221;8.08E-10;2.255555556
531.36;10.531025402;8298.00987798;8.19E-10;2.255555556
531.51;10.53980498;8289.95981019;8.29E-10;2.255555556
531.68;10.552153685;8280.29972884;8.39E-10;2.255555556
531.83;10.561999624;8272.24966105;8.49E-10;2.255555556
531.98;10.572344745;8264.19959326;8.59E-10;2.255555556
532.13;10.583164668;8259.36955259;8.69E-10;2.255555556
532.25;10.58992204;8249.70947124;8.80E-10;2.255555556
532.4;10.601633583;8235.21934922;8.90E-10;2.255555556
532.5;10.606235789;8240.04938989;9.00E-10;2.255555556
513.8;7.289138467;6151.86180515;3.00E-10;2.466666667
513.6;7.361697853;6623.59577765;3.10E-10;2.466666667
514.25;7.521104769;7127.53002131;3.20E-10;2.466666667
514.95;7.676357713;7188.71053651;3.31E-10;2.466666667
515.41;7.794247423;7162.95031958;3.41E-10;2.466666667
515.68;7.883270945;7109.81987217;3.51E-10;2.466666667
515.78;7.947606473;7058.29943831;3.61E-10;2.466666667
515.69;7.98609312;7008.38901801;3.71E-10;2.466666667
515.5;8.010751958;6950.42852992;3.81E-10;2.466666667
515.22;8.023366655;6911.78820453;3.92E-10;2.466666667
514.87;8.026742359;6871.53786558;4.02E-10;2.466666667
514.49;8.025872374;6850.60768933;4.12E-10;2.466666667
514.09;8.021998521;6831.28752663;4.22E-10;2.466666667
513.69;8.017446923;6824.8474724;4.32E-10;2.466666667
513.3;8.013266519;6832.89754019;4.42E-10;2.466666667
512.96;8.014041303;6852.21770289;4.53E-10;2.466666667
512.71;8.024360366;6892.46804184;4.63E-10;2.466666667
512.51;8.039132189;6947.20850281;4.73E-10;2.466666667
512.46;8.070298393;7024.48915359;4.83E-10;2.466666667
512.51;8.111463514;7171.00038737;4.93E-10;2.466666667
512.78;8.177547803;7360.98198722;5.03E-10;2.466666667
513.31;8.274156931;7636.29430564;5.14E-10;2.466666667
514.15;8.408968847;7995.32732907;5.24E-10;2.466666667
515.25;8.576357852;8317.33004067;5.34E-10;2.466666667
516.5;8.761692159;8507.31164052;5.44E-10;2.466666667
517.75;8.943166191;8623.2326167;5.54E-10;2.466666667
518.95;9.113617181;8644.16279295;5.64E-10;2.466666667
520.07;9.26892022;8657.04290141;5.75E-10;2.466666667
521.12;9.411195254;8658.65291497;5.85E-10;2.466666667
522.12;9.544092936;8647.38282007;5.95E-10;2.466666667
523.02;9.660173062;8631.28268449;6.05E-10;2.466666667
523.83;9.761405181;8613.57253535;6.15E-10;2.466666667
524.59;9.854401575;8584.5922913;6.25E-10;2.466666667
525.29;9.937854366;8560.44208793;6.36E-10;2.466666667
525.94;10.013551057;8534.681871;6.46E-10;2.466666667
526.5;10.075473397;8513.75169475;6.56E-10;2.466666667
527.05;10.136190932;8492.8215185;6.66E-10;2.466666667
527.55;10.18961772;8470.28132868;6.76E-10;2.466666667
528.0;10.235856839;8444.52111176;6.86E-10;2.466666667
528.4;10.274991795;8431.64100329;6.97E-10;2.466666667
528.8;10.314753101;8405.88078636;7.07E-10;2.466666667
529.15;10.347503806;8396.22070502;7.17E-10;2.466666667
529.46;10.374811651;8384.95061011;7.27E-10;2.466666667
529.76;10.401275489;8368.85047453;7.37E-10;2.466666667
530.06;10.428410295;8354.36035251;7.47E-10;2.466666667
530.31;10.44860079;8343.0902576;7.58E-10;2.466666667
530.56;10.469449162;8338.26021693;7.68E-10;2.466666667
530.77;10.484872032;8318.94005423;7.78E-10;2.466666667
530.98;10.500920716;8310.88998644;7.88E-10;2.466666667
531.18;10.516061253;8302.83991865;7.98E-10;2.466666667
531.38;10.531787819;8293.1798373;8.08E-10;2.466666667
531.55;10.543540379;8285.12976951;8.19E-10;2.466666667
531.71;10.554326734;8278.68971528;8.29E-10;2.466666667
531.87;10.565638008;8270.63964749;8.39E-10;2.466666667
532.02;10.575941937;8262.5895797;8.49E-10;2.466666667
532.17;10.586725138;8259.36955259;8.59E-10;2.466666667
532.29;10.593451572;8246.48944412;8.69E-10;2.466666667
532.44;10.605134032;8231.9993221;8.80E-10;2.466666667
532.54;10.609712848;8238.43937633;8.90E-10;2.466666667
532.64;10.614697295;8235.21934922;9.00E-10;2.466666667
513.65;7.321838602;6242.0225644;3.00E-10;2.677777778
513.65;7.414418735;6818.40741817;3.10E-10;2.677777778
514.41;7.584319918;7199.98063142;3.20E-10;2.677777778
515.12;7.738148313;7232.18090258;3.31E-10;2.677777778
515.62;7.858532076;7201.59064497;3.41E-10;2.677777778
515.88;7.943852888;7148.46019756;3.51E-10;2.677777778
515.98;8.005862771;7095.32975014;3.61E-10;2.677777778
515.93;8.047020407;7042.19930273;3.71E-10;2.677777778
515.74;8.069464813;6995.50890955;3.81E-10;2.677777778
515.49;8.083593226;6947.20850281;3.92E-10;2.677777778
515.19;8.090910143;6921.44828588;4.02E-10;2.677777778
514.8;8.086743786;6897.29808251;4.12E-10;2.677777778
514.45;8.08684453;6884.41797405;4.22E-10;2.677777778
514.06;8.081451716;6874.7578927;4.32E-10;2.677777778
513.72;8.08125282;6884.41797405;4.42E-10;2.677777778
513.43;8.086033251;6916.61824521;4.53E-10;2.677777778
513.23;8.100430563;6960.08861127;4.63E-10;2.677777778
513.08;8.119270232;7027.70918071;4.73E-10;2.677777778
513.08;8.154608593;7127.53002131;4.83E-10;2.677777778
513.23;8.206334338;7272.43124153;4.93E-10;2.677777778
513.58;8.280779847;7480.12299051;5.03E-10;2.677777778
514.2;8.387549323;7769.92543095;5.14E-10;2.677777778
515.11;8.530474844;8101.5882239;5.24E-10;2.677777778
516.21;8.696451665;8357.58037962;5.34E-10;2.677777778
517.41;8.873204958;8510.53166763;5.44E-10;2.677777778
518.61;9.046348348;8586.20230486;5.54E-10;2.677777778
519.76;9.208714071;8628.06265737;5.64E-10;2.677777778
520.83;9.356143364;8639.33275228;5.75E-10;2.677777778
521.84;9.492291488;8636.11272516;5.85E-10;2.677777778
522.79;9.617622532;8624.84263025;5.95E-10;2.677777778
523.64;9.726265596;8605.52246756;6.05E-10;2.677777778
524.44;9.826427502;8558.83207437;6.15E-10;2.677777778
525.14;9.910601346;8563.66211505;6.25E-10;2.677777778
525.8;9.988427097;8542.73193879;6.36E-10;2.677777778
526.4;10.056997324;8520.19174898;6.46E-10;2.677777778
526.96;10.119597575;8491.21150494;6.56E-10;2.677777778
527.47;10.17480955;8473.5013558;6.66E-10;2.677777778
527.93;10.222759443;8455.79120666;6.76E-10;2.677777778
528.38;10.269692611;8434.86103041;6.86E-10;2.677777778
528.78;10.309514635;8394.61069146;6.97E-10;2.677777778
529.13;10.342293019;8401.05074569;7.07E-10;2.677777778
529.45;10.371132643;8384.95061011;7.17E-10;2.677777778
529.76;10.399103981;8372.07050165;7.27E-10;2.677777778
530.06;10.426211388;8354.36035251;7.37E-10;2.677777778
530.31;10.446364811;8339.87023049;7.47E-10;2.677777778
530.56;10.467171835;8326.99012202;7.58E-10;2.677777778
530.81;10.488611068;8323.77009491;7.68E-10;2.677777778
531.01;10.503093012;8310.88998644;7.78E-10;2.677777778
531.21;10.518183639;8302.83991865;7.88E-10;2.677777778
531.41;10.533863438;8291.56982375;7.98E-10;2.677777778
531.58;10.545570186;8285.12976951;8.08E-10;2.677777778
531.75;10.557826767;8277.07970172;8.19E-10;2.677777778
531.9;10.567590772;8267.41962038;8.29E-10;2.677777778
532.05;10.577861342;8259.36955259;8.39E-10;2.677777778
532.2;10.588614646;8254.53951191;8.49E-10;2.677777778
532.35;10.599832469;8240.04938989;8.59E-10;2.677777778
532.45;10.603964579;8241.65940345;8.69E-10;2.677777778
532.57;10.611535224;8238.43937633;8.80E-10;2.677777778
532.68;10.618010555;8233.60933566;8.90E-10;2.677777778
532.79;10.624876962;8228.77929498;9.00E-10;2.677777778
513.5;7.354280032;6287.10294403;3.00E-10;2.888888889
513.75;7.472771586;6997.11892311;3.10E-10;2.888888889
514.6;7.65094458;7261.16114662;3.20E-10;2.888888889
515.32;7.803320669;7272.43124153;3.31E-10;2.888888889
515.82;7.921116517;7238.62095681;3.41E-10;2.888888889
516.12;8.008988953;7183.88049584;3.51E-10;2.888888889
516.22;8.068586663;7132.36006198;3.61E-10;2.888888889
516.17;8.107422176;7079.22961456;3.71E-10;2.888888889
516.02;8.13253258;7029.31919427;3.81E-10;2.888888889
515.77;8.144444403;6995.50890955;3.92E-10;2.888888889
515.48;8.15083781;6956.86858416;4.02E-10;2.888888889
515.18;8.155463288;6940.76844858;4.12E-10;2.888888889
514.83;8.153453948;6926.27832655;4.22E-10;2.888888889
514.48;8.150783616;6932.71838079;4.32E-10;2.888888889
514.18;8.153351596;6945.59848925;4.42E-10;2.888888889
513.93;8.160925376;6977.79876041;4.53E-10;2.888888889
513.78;8.179401509;7032.53922138;4.63E-10;2.888888889
513.69;8.20356388;7106.59984505;4.73E-10;2.888888889
513.75;8.244361888;7220.91080767;4.83E-10;2.888888889
513.97;8.302962335;7381.91216347;4.93E-10;2.888888889
514.42;8.388574735;7599.2639938;5.03E-10;2.888888889
515.12;8.504451026;7887.45642069;5.14E-10;2.888888889
516.05;8.648557679;8180.47888824;5.24E-10;2.888888889
517.15;8.813245357;8386.56062367;5.34E-10;2.888888889
518.31;8.983063628;8512.14168119;5.44E-10;2.888888889
519.46;9.147982281;8573.3221964;5.54E-10;2.888888889
520.56;9.302341073;8605.52246756;5.64E-10;2.888888889
521.58;9.441953136;8620.01258958;5.75E-10;2.888888889
522.53;9.568872262;8615.18254891;5.85E-10;2.888888889
523.43;9.686677526;8602.30244044;5.95E-10;2.888888889
524.23;9.787922226;8582.98227775;6.05E-10;2.888888889
524.98;9.880780613;8563.66211505;6.15E-10;2.888888889
525.68;9.9655315;8541.12192524;6.25E-10;2.888888889
526.3;10.037747574;8521.80176254;6.36E-10;2.888888889
526.87;10.102314153;8494.43153205;6.46E-10;2.888888889
527.42;10.164023431;8475.11136936;6.56E-10;2.888888889
527.88;10.212199645;8459.01123378;6.66E-10;2.888888889
528.33;10.259300322;8436.47104397;6.76E-10;2.888888889
528.73;10.299239614;8415.54086771;6.86E-10;2.888888889
529.1;10.335154637;8399.44073213;6.97E-10;2.888888889
529.45;10.368616409;8386.56062367;7.07E-10;2.888888889
529.76;10.396598271;8372.07050165;7.17E-10;2.888888889
530.06;10.423699994;8354.36035251;7.27E-10;2.888888889
530.33;10.446875319;8341.48024404;7.37E-10;2.888888889
530.58;10.467653725;8326.99012202;7.47E-10;2.888888889
530.83;10.489059446;8323.77009491;7.58E-10;2.888888889
531.03;10.503505665;8309.27997288;7.68E-10;2.888888889
531.24;10.520072578;8302.83991865;7.78E-10;2.888888889
531.44;10.535715842;8289.95981019;7.88E-10;2.888888889
531.61;10.547386402;8285.12976951;7.98E-10;2.888888889
531.78;10.559610941;8275.46968817;8.08E-10;2.888888889
531.94;10.570853862;8267.41962038;8.19E-10;2.888888889
532.09;10.581097769;8257.75953903;8.29E-10;2.888888889
532.24;10.591826371;8256.14952547;8.39E-10;2.888888889
532.39;10.603024546;8233.60933566;8.49E-10;2.888888889
532.49;10.607140757;8240.04938989;8.59E-10;2.888888889
532.61;10.614699359;8235.21934922;8.69E-10;2.888888889
532.72;10.621165254;8230.38930854;8.80E-10;2.888888889
532.83;10.628023268;8228.77929498;8.90E-10;2.888888889
532.93;10.633756047;8223.94925431;9.00E-10;2.888888889
513.4;7.391851634;6467.42446252;3.00E-10;3.1
513.88;7.534409943;7143.63015689;3.10E-10;3.1
514.8;7.718466349;7322.34166183;3.20E-10;3.1
515.55;7.871922412;7314.29159403;3.31E-10;3.1
516.05;7.987061462;7277.2612822;3.41E-10;3.1
516.35;8.072399651;7222.52082123;3.51E-10;3.1
516.45;8.129547727;7169.39037381;3.61E-10;3.1
516.45;8.172256457;7122.69998063;3.71E-10;3.1
516.3;8.195039697;7076.00958745;3.81E-10;3.1
516.1;8.210848286;7037.36926206;3.92E-10;3.1
515.85;8.219917304;7018.04909936;4.02E-10;3.1
515.55;8.222353894;7014.82907225;4.12E-10;3.1
515.21;8.219366057;6982.62880109;4.22E-10;3.1
514.92;8.221855858;6989.06885532;4.32E-10;3.1
514.67;8.228400172;7009.99903157;4.42E-10;3.1
514.47;8.239987066;7042.19930273;4.53E-10;3.1
514.37;8.262560981;7103.37981793;4.63E-10;3.1
514.33;8.290821984;7191.93056363;4.73E-10;3.1
514.48;8.341011924;7309.46155336;4.83E-10;3.1
514.78;8.408013569;7491.39308542;4.93E-10;3.1
515.28;8.498367475;7716.79498354;5.03E-10;3.1
516.03;8.619331987;7985.66724772;5.14E-10;3.1
516.99;8.766211938;8233.60933566;5.24E-10;3.1
518.09;8.929826046;8397.83071857;5.34E-10;3.1
519.19;9.089753799;8507.31164052;5.44E-10;3.1
520.29;9.24651817;8565.27212861;5.54E-10;3.1
521.31;9.388235833;8589.42233198;5.64E-10;3.1
522.31;9.524774864;8595.86238621;5.75E-10;3.1
523.21;9.644079775;8592.64235909;5.85E-10;3.1
524.06;9.754394598;8584.5922913;5.95E-10;3.1
524.82;9.849833889;8562.05210149;6.05E-10;3.1
525.53;9.936970197;8545.95196591;6.15E-10;3.1
526.18;10.014515524;8525.02178966;6.25E-10;3.1
526.78;10.08425449;8499.26157273;6.36E-10;3.1
527.33;10.146371779;8479.94141003;6.46E-10;3.1
527.83;10.201029652;8457.40122022;6.56E-10;3.1
528.28;10.24835573;8439.69107108;6.66E-10;3.1
528.69;10.289998457;8417.15088127;6.76E-10;3.1
529.09;10.330624214;8404.27077281;6.86E-10;3.1
529.44;10.364160421;8388.17063723;6.97E-10;3.1
529.76;10.393712555;8373.6805152;7.07E-10;3.1
530.06;10.42083479;8357.58037962;7.17E-10;3.1
530.36;10.448580433;8344.70027116;7.27E-10;3.1
530.61;10.469344831;8335.04018981;7.37E-10;3.1
530.86;10.490737096;8314.11001356;7.47E-10;3.1
531.06;10.50515844;8309.27997288;7.58E-10;3.1
531.27;10.52170178;8301.22990509;7.68E-10;3.1
531.47;10.537318885;8289.95981019;7.78E-10;3.1
531.64;10.548964353;8285.12976951;7.88E-10;3.1
531.81;10.561166964;8273.85967461;7.98E-10;3.1
531.97;10.572390289;8264.19959326;8.08E-10;3.1
532.12;10.582614472;8257.75953903;8.19E-10;3.1
532.27;10.593330684;8249.70947124;8.29E-10;3.1
532.42;10.604514781;8248.09945768;8.39E-10;3.1
532.53;10.610127159;8240.04938989;8.49E-10;3.1
532.65;10.617679338;8235.21934922;8.59E-10;3.1
532.76;10.624141712;8230.38930854;8.69E-10;3.1
532.87;10.631000284;8227.16928143;8.80E-10;3.1
532.97;10.636735394;8222.33924075;8.90E-10;3.1
533.07;10.642832785;8219.11921364;9.00E-10;3.1
513.36;7.435936482;6593.00552005;3.00E-10;3.311111111
514.06;7.601946331;7257.9411195;3.10E-10;3.311111111
515.01;7.786885076;7372.25208212;3.20E-10;3.311111111
515.76;7.937530114;7357.7619601;3.31E-10;3.311111111
516.28;8.052553417;7317.51162115;3.41E-10;3.311111111
516.59;8.136584695;7261.16114662;3.51E-10;3.311111111
516.74;8.197548209;7211.25072632;3.61E-10;3.311111111
516.74;8.237820287;7154.90025179;3.71E-10;3.311111111
516.64;8.26445005;7108.20985861;3.81E-10;3.311111111
516.44;8.277916277;7077.61960101;3.92E-10;3.311111111
516.19;8.284695247;7055.07941119;4.02E-10;3.311111111
515.94;8.291043051;7045.41932985;4.12E-10;3.311111111
515.65;8.291948272;7032.53922138;4.22E-10;3.311111111
515.4;8.297147178;7043.80931629;4.32E-10;3.311111111
515.2;8.307679424;7069.56953322;4.42E-10;3.311111111
515.05;8.323291248;7119.47995351;4.53E-10;3.311111111
514.97;8.346181313;7182.27048228;4.63E-10;3.311111111
515.02;8.383671235;7275.65126864;4.73E-10;3.311111111
515.22;8.438208063;7406.06236684;4.83E-10;3.311111111
515.57;8.509653639;7589.60391245;4.93E-10;3.311111111
516.17;8.611648662;7815.00581058;5.03E-10;3.311111111
516.95;8.735094389;8064.55791207;5.14E-10;3.311111111
517.91;8.880541355;8273.85967461;5.24E-10;3.311111111
518.96;9.035559463;8417.15088127;5.34E-10;3.311111111
520.03;9.190202231;8497.65155917;5.44E-10;3.311111111
521.08;9.33885702;8544.34195235;5.54E-10;3.311111111
522.05;9.47267519;8570.10216928;5.64E-10;3.311111111
523.0;9.601481155;8581.37226419;5.75E-10;3.311111111
523.85;9.713217501;8566.88214216;5.85E-10;3.311111111
524.65;9.816084213;8557.22206082;5.95E-10;3.311111111
525.4;9.910424106;8544.34195235;6.05E-10;3.311111111
526.05;9.988751017;8526.63180321;6.15E-10;3.311111111
526.67;10.06222984;8499.26157273;6.25E-10;3.311111111
527.24;10.127946113;8479.94141003;6.36E-10;3.311111111
527.75;10.184539999;8462.23126089;6.46E-10;3.311111111
528.22;10.235250005;8444.52111176;6.56E-10;3.311111111
528.67;10.283265434;8423.5909355;6.66E-10;3.311111111
529.07;10.324056551;8409.10081348;6.76E-10;3.311111111
529.42;10.357712067;8388.17063723;6.86E-10;3.311111111
529.77;10.391930503;8367.24046097;6.97E-10;3.311111111
530.07;10.419101254;8355.97036607;7.07E-10;3.311111111
530.37;10.446877456;8341.48024404;7.17E-10;3.311111111
530.62;10.467657636;8331.8201627;7.27E-10;3.311111111
530.87;10.489053868;8322.16008135;7.37E-10;3.311111111
531.08;10.504989649;8309.27997288;7.47E-10;3.311111111
531.29;10.521525945;8299.61989154;7.58E-10;3.311111111
531.49;10.53713043;8293.1798373;7.68E-10;3.311111111
531.69;10.553305363;8278.68971528;7.78E-10;3.311111111
531.85;10.56398097;8272.24966105;7.88E-10;3.311111111
532.01;10.575191706;8264.19959326;7.98E-10;3.311111111
532.16;10.585408214;8254.53951191;8.08E-10;3.311111111
532.31;10.596115588;8249.70947124;8.19E-10;3.311111111
532.46;10.607296431;8241.65940345;8.29E-10;3.311111111
532.57;10.612907247;8236.82936277;8.39E-10;3.311111111
532.68;10.61895455;8233.60933566;8.49E-10;3.311111111
532.8;10.626925524;8228.77929498;8.59E-10;3.311111111
532.91;10.633790246;8225.55926787;8.69E-10;3.311111111
533.01;10.639533244;8222.33924075;8.80E-10;3.311111111
533.11;10.645643254;8215.89918652;8.90E-10;3.311111111
533.21;10.65210179;8206.23910517;9.00E-10;3.311111111
513.36;7.484319266;6758.83691652;3.00E-10;3.522222222
514.26;7.671692493;7349.71189231;3.10E-10;3.522222222
515.26;7.860116486;7425.38252954;3.20E-10;3.522222222
516.01;8.007881348;7404.45235328;3.31E-10;3.522222222
516.56;8.124033111;7348.10187875;3.41E-10;3.522222222
516.86;8.204102597;7301.41148557;3.51E-10;3.522222222
517.01;8.26250773;7251.50106527;3.61E-10;3.522222222
517.06;8.306622129;7187.10052295;3.71E-10;3.522222222
516.96;8.33080846;7158.12027891;3.81E-10;3.522222222
516.81;8.348129047;7121.08996707;3.92E-10;3.522222222
516.61;8.358772243;7103.37981793;4.02E-10;3.522222222
516.36;8.362787527;7087.27968235;4.12E-10;3.522222222
516.11;8.366329746;7093.71973659;4.22E-10;3.522222222
515.91;8.375471905;7104.98983149;4.32E-10;3.522222222
515.76;8.390001506;7111.42988572;4.42E-10;3.522222222
515.66;8.409657462;7183.88049584;4.53E-10;3.522222222
515.62;8.435354449;7261.16114662;4.63E-10;3.522222222
515.73;8.478349197;7360.98198722;4.73E-10;3.522222222
515.98;8.537245939;7504.27319388;4.83E-10;3.522222222
516.43;8.620055457;7691.03476661;4.93E-10;3.522222222
517.04;8.721498743;7905.16656982;5.03E-10;3.522222222
517.86;8.848935936;8122.51840015;5.14E-10;3.522222222
518.81;8.991576818;8301.22990509;5.24E-10;3.522222222
519.83;9.141132908;8417.15088127;5.34E-10;3.522222222
520.84;9.285966843;8494.43153205;5.44E-10;3.522222222
521.84;9.426567041;8536.29188456;5.54E-10;3.522222222
522.79;9.557214413;8552.39202014;5.64E-10;3.522222222
523.65;9.672096962;8555.61204726;5.75E-10;3.522222222
524.47;9.779420665;8550.78200658;5.85E-10;3.522222222
525.23;9.876435106;8539.51191168;5.95E-10;3.522222222
525.93;9.963464324;8521.80176254;6.05E-10;3.522222222
526.58;10.042340323;8507.31164052;6.15E-10;3.522222222
527.15;10.10865769;8481.55142359;6.25E-10;3.522222222
527.7;10.171910464;8462.23126089;6.36E-10;3.522222222
528.17;10.222992151;8446.13112531;6.46E-10;3.522222222
528.62;10.271302424;8423.5909355;6.56E-10;3.522222222
529.03;10.313857983;8402.66075925;6.66E-10;3.522222222
529.43;10.35533492;8391.39066434;6.76E-10;3.522222222
529.75;10.385085939;8376.90054232;6.86E-10;3.522222222
530.06;10.413876007;8359.19039318;6.97E-10;3.522222222
530.36;10.441720918;8341.48024404;7.07E-10;3.522222222
530.63;10.465588856;8326.99012202;7.17E-10;3.522222222
530.88;10.487013121;8317.33004067;7.27E-10;3.522222222
531.13;10.509031546;8310.88998644;7.37E-10;3.522222222
531.33;10.524058405;8298.00987798;7.47E-10;3.522222222
531.53;10.539667831;8286.73978307;7.58E-10;3.522222222
531.73;10.555840199;8289.95981019;7.68E-10;3.522222222
531.88;10.565004775;8272.24966105;7.78E-10;3.522222222
532.04;10.576218781;8260.97956614;7.88E-10;3.522222222
532.2;10.587943813;8254.53951191;7.98E-10;3.522222222
532.35;10.598654341;8249.70947124;8.08E-10;3.522222222
532.5;10.609840572;8236.82936277;8.19E-10;3.522222222
532.6;10.613951896;8236.82936277;8.29E-10;3.522222222
532.75;10.626029692;8231.9993221;8.39E-10;3.522222222
532.85;10.631002458;8223.94925431;8.49E-10;3.522222222
532.95;10.636374718;8225.55926787;8.59E-10;3.522222222
533.05;10.64213432;8220.72922719;8.69E-10;3.522222222
533.15;10.648262146;8214.28917296;8.80E-10;3.522222222
533.25;10.654740597;8203.01907806;8.90E-10;3.522222222
533.32;10.657045237;8207.84911873;9.00E-10;3.522222222
513.43;7.540673699;6955.2585706;3.00E-10;3.733333333
514.48;7.743669867;7428.60255665;3.10E-10;3.733333333
515.48;7.929027489;7473.68293628;3.20E-10;3.733333333
516.28;8.08042686;7452.75276002;3.31E-10;3.733333333
516.83;8.193778022;7409.28239396;3.41E-10;3.733333333
517.14;8.272408878;7343.27183808;3.51E-10;3.733333333
517.34;8.334600664;7296.5814449;3.61E-10;3.733333333
517.39;8.376158365;7259.55113306;3.71E-10;3.733333333
517.3;8.399085038;7203.20065853;3.81E-10;3.733333333
517.2;8.420265667;7182.27048228;3.92E-10;3.733333333
517.0;8.428476273;7154.90025179;4.02E-10;3.733333333
516.8;8.436352341;7146.850184;4.12E-10;3.733333333
516.6;8.443776447;7153.29023823;4.22E-10;3.733333333
516.45;8.456869941;7164.56033314;4.32E-10;3.733333333
516.31;8.470317223;7203.20065853;4.42E-10;3.733333333
516.26;8.49398575;7259.55113306;4.53E-10;3.733333333
516.31;8.52892653;7340.05181096;4.63E-10;3.733333333
516.47;8.576195439;7447.92271935;4.73E-10;3.733333333
516.78;8.640878841;7594.43395313;4.83E-10;3.733333333
517.28;8.728457724;7776.36548518;4.93E-10;3.733333333
517.94;8.835028838;7980.83720705;5.03E-10;3.733333333
518.76;8.960894511;8174.03883401;5.14E-10;3.733333333
519.71;9.102361888;8322.16008135;5.24E-10;3.733333333
520.67;9.241987084;8418.76089483;5.34E-10;3.733333333
521.64;9.380159493;8483.16143715;5.44E-10;3.733333333
522.59;9.512773067;8516.97172187;5.54E-10;3.733333333
523.49;9.6356184;8552.39202014;5.64E-10;3.733333333
524.3;9.742870025;8536.29188456;5.75E-10;3.733333333
525.07;9.842698215;8528.24181677;5.85E-10;3.733333333
525.79;9.93388963;8515.36170831;5.95E-10;3.733333333
526.45;10.015192454;8497.65155917;6.05E-10;3.733333333
527.05;10.086871801;8481.55142359;6.15E-10;3.733333333
527.61;10.152249613;8467.06130157;6.25E-10;3.733333333
528.11;10.208423114;8449.35115243;6.36E-10;3.733333333
528.57;10.258642163;8423.5909355;6.46E-10;3.733333333
529.02;10.307623547;8401.05074569;6.56E-10;3.733333333
529.38;10.343197371;8389.78065078;6.66E-10;3.733333333
529.74;10.379239973;8378.51055588;6.76E-10;3.733333333
530.06;10.409685989;8360.80040674;6.86E-10;3.733333333
530.36;10.437630672;8341.48024404;6.97E-10;3.733333333
530.66;10.466132743;8330.21014914;7.07E-10;3.733333333
530.91;10.487608097;8320.55006779;7.17E-10;3.733333333
531.13;10.505115665;8307.66995933;7.27E-10;3.733333333
531.35;10.523204356;8299.61989154;7.37E-10;3.733333333
531.55;10.538835843;8291.56982375;7.47E-10;3.733333333
531.75;10.555031089;8277.07970172;7.58E-10;3.733333333
531.91;10.565723789;8269.02963393;7.68E-10;3.733333333
532.08;10.57845971;8260.97956614;7.78E-10;3.733333333
532.23;10.588691037;8252.92949835;7.88E-10;3.733333333
532.38;10.599417068;8246.48944412;7.98E-10;3.733333333
532.53;10.610616567;8248.09945768;8.08E-10;3.733333333
532.64;10.616253223;8235.21934922;8.19E-10;3.733333333
532.79;10.628349154;8231.9993221;8.29E-10;3.733333333
532.89;10.633342046;8222.33924075;8.39E-10;3.733333333
532.99;10.638737124;8222.33924075;8.49E-10;3.733333333
533.09;10.644520476;8217.50920008;8.59E-10;3.733333333
533.19;10.650673484;8211.06914585;8.69E-10;3.733333333
533.29;10.65717834;8201.4090645;8.80E-10;3.733333333
533.36;10.659511974;8206.23910517;8.90E-10;3.733333333
533.46;10.666675458;8196.57902382;9.00E-10;3.733333333
513.57;7.605319744;7180.66046872;3.00E-10;3.944444444
514.72;7.81790601;7502.66318032;3.10E-10;3.944444444
515.77;8.006765856;7510.71324811;3.20E-10;3.944444444
516.53;8.149906978;7491.39308542;3.31E-10;3.944444444
517.09;8.261731238;7436.65262444;3.41E-10;3.944444444
517.45;8.344094517;7386.74220414;3.51E-10;3.944444444
517.65;8.403610694;7336.83178385;3.61E-10;3.944444444
517.71;8.443842195;7286.92136355;3.71E-10;3.944444444
517.71;8.475673667;7261.16114662;3.81E-10;3.944444444
517.58;8.490511864;7225.74084834;3.92E-10;3.944444444
517.44;8.503817475;7208.03069921;4.02E-10;3.944444444
517.29;8.515555133;7204.81067209;4.12E-10;3.944444444
517.14;8.526871366;7212.86073988;4.22E-10;3.944444444
517.0;8.538819308;7235.40092969;4.32E-10;3.944444444
516.95;8.561371802;7270.82122797;4.42E-10;3.944444444
516.95;8.589147687;7338.44179741;4.53E-10;3.944444444
517.02;8.624371257;7418.9424753;4.63E-10;3.944444444
517.24;8.677293662;7533.25343792;4.73E-10;3.944444444
517.61;8.747907339;7678.15465814;4.83E-10;3.944444444
518.13;8.836208427;7858.47617664;4.93E-10;3.944444444
518.83;8.946636327;8043.62773581;5.03E-10;3.944444444
519.65;9.071023262;8207.84911873;5.14E-10;3.944444444
520.55;9.203873198;8335.04018981;5.24E-10;3.944444444
521.5;9.341200852;8423.5909355;5.34E-10;3.944444444
522.41;9.469699966;8473.5013558;5.44E-10;3.944444444
523.31;9.594373356;8502.48159984;5.54E-10;3.944444444
524.16;9.709461209;8513.75169475;5.64E-10;3.944444444
524.93;9.810679092;8515.36170831;5.75E-10;3.944444444
525.68;9.907708117;8508.92165408;5.85E-10;3.944444444
526.34;9.989998417;8492.8215185;5.95E-10;3.944444444
526.96;10.065598256;8478.33139647;6.05E-10;3.944444444
527.53;10.133197946;8465.45128801;6.15E-10;3.944444444
528.05;10.193009324;8447.74113887;6.25E-10;3.944444444
528.55;10.249825637;8421.98092194;6.36E-10;3.944444444
528.96;10.293019551;8407.49079992;6.46E-10;3.944444444
529.36;10.335010925;8391.39066434;6.56E-10;3.944444444
529.73;10.372807675;8378.51055588;6.66E-10;3.944444444
530.08;10.408008564;8355.97036607;6.76E-10;3.944444444
530.38;10.436081312;8344.70027116;6.86E-10;3.944444444
530.65;10.460126948;8330.21014914;6.97E-10;3.944444444
530.91;10.483208948;8318.94005423;7.07E-10;3.944444444
531.16;10.505335222;8309.27997288;7.17E-10;3.944444444
531.37;10.521960896;8298.00987798;7.27E-10;3.944444444
531.58;10.539149846;8289.95981019;7.37E-10;3.944444444
531.78;10.555380556;8277.07970172;7.47E-10;3.944444444
531.95;10.567616145;8267.41962038;7.58E-10;3.944444444
532.12;10.580380137;8259.36955259;7.68E-10;3.944444444
532.27;10.590639344;8249.70947124;7.78E-10;3.944444444
532.42;10.601391876;8243.26941701;7.88E-10;3.944444444
532.57;10.612617797;8244.87943056;7.98E-10;3.944444444
532.68;10.618281641;8233.60933566;8.08E-10;3.944444444
532.83;10.630406103;8230.38930854;8.19E-10;3.944444444
532.93;10.635429153;8219.11921364;8.29E-10;3.944444444
533.03;10.640854401;8222.33924075;8.39E-10;3.944444444
533.13;10.64667029;8217.50920008;8.49E-10;3.944444444
533.23;10.65285797;8209.45913229;8.59E-10;3.944444444
533.33;10.659397243;8201.4090645;8.69E-10;3.944444444
533.4;10.66176774;8204.62909161;8.80E-10;3.944444444
533.5;10.66896871;8194.96901027;8.90E-10;3.944444444
533.56;10.670472857;8194.96901027;9.00E-10;3.944444444
513.73;7.672136289;7332.00174317;3.00E-10;4.155555556
514.98;7.89443282;7562.23368197;3.10E-10;4.155555556
516.03;8.08013444;7575.11379043;3.20E-10;4.155555556
516.83;8.225542143;7531.64342437;3.31E-10;4.155555556
517.4;8.335746405;7484.95303118;3.41E-10;4.155555556
517.8;8.420512034;7430.21257021;3.51E-10;4.155555556
518.0;8.477248062;7378.69213636;3.61E-10;4.155555556
518.1;8.519943419;7333.61175673;3.71E-10;4.155555556
518.1;8.549144645;7303.02149913;3.81E-10;4.155555556
518.01;8.566480857;7275.65126864;3.92E-10;4.155555556
517.91;8.582335305;7262.77116018;4.02E-10;4.155555556
517.81;8.597940522;7261.16114662;4.12E-10;4.155555556
517.67;8.608015543;7270.82122797;4.22E-10;4.155555556
517.62;8.629040176;7274.04125508;4.32E-10;4.155555556
517.57;8.649152347;7343.27183808;4.42E-10;4.155555556
517.62;8.681002304;7410.89240751;4.53E-10;4.155555556
517.77;8.724381819;7497.83313965;4.63E-10;4.155555556
518.03;8.780382581;7615.36412938;4.73E-10;4.155555556
518.44;8.854290508;7760.2653496;4.83E-10;4.155555556
519.01;8.947618309;7922.87671896;4.93E-10;4.155555556
519.71;9.056344845;8090.31812899;5.03E-10;4.155555556
520.52;9.177866974;8233.60933566;5.14E-10;4.155555556
521.39;9.305184797;8341.48024404;5.24E-10;4.155555556
522.29;9.434201126;8415.54086771;5.34E-10;4.155555556
523.15;9.55460572;8460.62124734;5.44E-10;4.155555556
524.0;9.671386634;8481.55142359;5.54E-10;4.155555556
524.8;9.778759386;8492.8215185;5.64E-10;4.155555556
525.55;9.877079077;8497.65155917;5.75E-10;4.155555556
526.25;9.966678464;8479.94141003;5.85E-10;4.155555556
526.86;10.041659393;8475.11136936;5.95E-10;4.155555556
527.46;10.114676314;8462.23126089;6.05E-10;4.155555556
528.01;10.179756734;8446.13112531;6.15E-10;4.155555556
528.48;10.232477408;8426.81096262;6.25E-10;4.155555556
528.93;10.282251065;8407.49079992;6.36E-10;4.155555556
529.34;10.326121479;8393.0006779;6.46E-10;4.155555556
529.74;10.368789211;8381.73058299;6.56E-10;4.155555556
530.06;10.399626338;8362.4104203;6.66E-10;4.155555556
530.38;10.430933491;8344.70027116;6.76E-10;4.155555556
530.68;10.459687255;8335.04018981;6.86E-10;4.155555556
530.93;10.481364562;8317.33004067;6.97E-10;4.155555556
531.18;10.503583771;8309.27997288;7.07E-10;4.155555556
531.4;10.521802888;8298.00987798;7.17E-10;4.155555556
531.61;10.539057287;8288.34979663;7.27E-10;4.155555556
531.81;10.555343567;8277.07970172;7.37E-10;4.155555556
532.01;10.572161562;8251.3194848;7.47E-10;4.155555556
532.16;10.581948479;8259.36955259;7.58E-10;4.155555556
532.31;10.592249427;8249.70947124;7.68E-10;4.155555556
532.46;10.603043557;8241.65940345;7.78E-10;4.155555556
532.61;10.61430908;8243.26941701;7.88E-10;4.155555556
532.72;10.620013005;8231.9993221;7.98E-10;4.155555556
532.87;10.632177116;8230.38930854;8.08E-10;4.155555556
532.97;10.63724033;8220.72922719;8.19E-10;4.155555556
533.07;10.642708394;8219.11921364;8.29E-10;4.155555556
533.17;10.64856571;8215.89918652;8.39E-10;4.155555556
533.27;10.654796566;8207.84911873;8.49E-10;4.155555556
533.37;10.661380226;8199.79905094;8.59E-10;4.155555556
533.44;10.663796338;8201.4090645;8.69E-10;4.155555556
533.54;10.671041595;8194.96901027;8.80E-10;4.155555556
533.6;10.672593128;8191.74898315;8.90E-10;4.155555556
533.67;10.675940484;8188.52895603;9.00E-10;4.155555556
513.95;7.746324142;7468.8528956;3.00E-10;4.366666667
515.25;7.971927252;7625.02421073;3.10E-10;4.366666667
516.31;8.155747093;7616.97414294;3.20E-10;4.366666667
517.16;8.304753622;7583.16385822;3.31E-10;4.366666667
517.73;8.411940291;7523.59335658;3.41E-10;4.366666667
518.13;8.493813876;7475.29294984;3.51E-10;4.366666667
518.38;8.554267296;7426.99254309;3.61E-10;4.366666667
518.48;8.594189362;7386.74220414;3.71E-10;4.366666667
518.53;8.627170777;7356.15194654;3.81E-10;4.366666667
518.48;8.646975783;7333.61175673;3.92E-10;4.366666667
518.43;8.66665302;7330.39172962;4.02E-10;4.366666667
518.33;8.679662129;7320.73164827;4.12E-10;4.366666667
518.28;8.698781746;7340.05181096;4.22E-10;4.366666667
518.23;8.717293311;7365.81202789;4.32E-10;4.366666667
518.24;8.742708357;7415.72244819;4.42E-10;4.366666667
518.34;8.778704164;7486.56304474;4.53E-10;4.366666667
518.54;8.826389104;7578.33381755;4.63E-10;4.366666667
518.85;8.88690195;7689.42475305;4.73E-10;4.366666667
519.3;8.964247968;7831.10594616;4.83E-10;4.366666667
519.9;9.059974407;7988.88727484;4.93E-10;4.366666667
520.6;9.167125793;8128.95845439;5.03E-10;4.366666667
521.37;9.281444938;8254.53951191;5.14E-10;4.366666667
522.22;9.404814572;8346.31028472;5.24E-10;4.366666667
523.07;9.525594198;8412.3208406;5.34E-10;4.366666667
523.88;9.637970846;8449.35115243;5.44E-10;4.366666667
524.68;9.746914276;8468.67131513;5.54E-10;4.366666667
525.43;9.846621512;8476.72138292;5.64E-10;4.366666667
526.13;9.937424859;8475.11136936;5.75E-10;4.366666667
526.78;10.019632164;8468.67131513;5.85E-10;4.366666667
527.38;10.093521027;8459.01123378;5.95E-10;4.366666667
527.93;10.159338077;8442.9110982;6.05E-10;4.366666667
528.43;10.217295926;8423.5909355;6.15E-10;4.366666667
528.9;10.270648022;8405.88078636;6.25E-10;4.366666667
529.32;10.316465697;8393.0006779;6.36E-10;4.366666667
529.72;10.359475229;8373.6805152;6.46E-10;4.366666667
530.07;10.395173191;8360.80040674;6.56E-10;4.366666667
530.38;10.425179237;8343.0902576;6.66E-10;4.366666667
530.68;10.454121217;8328.60013558;6.76E-10;4.366666667
530.95;10.478989723;8317.33004067;6.86E-10;4.366666667
531.2;10.501335373;8307.66995933;6.97E-10;4.366666667
531.45;10.524209525;8289.95981019;7.07E-10;4.366666667
531.65;10.540034859;8286.73978307;7.17E-10;4.366666667
531.85;10.556397643;8275.46968817;7.27E-10;4.366666667
532.02;10.568752803;8264.19959326;7.37E-10;4.366666667
532.19;10.581625691;8256.14952547;7.47E-10;4.366666667
532.35;10.593493806;8248.09945768;7.58E-10;4.366666667
532.5;10.604343414;8241.65940345;7.68E-10;4.366666667
532.65;10.615664154;8240.04938989;7.78E-10;4.366666667
532.77;10.62292567;8231.9993221;7.88E-10;4.366666667
532.89;10.630627583;8227.16928143;7.98E-10;4.366666667
533.0;10.637247912;8222.33924075;8.08E-10;4.366666667
533.11;10.644274258;8217.50920008;8.19E-10;4.366666667
533.21;10.650184467;8214.28917296;8.29E-10;4.366666667
533.31;10.656468144;8207.84911873;8.39E-10;4.366666667
533.41;10.663106019;8199.79905094;8.49E-10;4.366666667
533.48;10.665574357;8203.01907806;8.59E-10;4.366666667
533.58;10.672876429;8191.74898315;8.69E-10;4.366666667
000.0;000.0;000.0;8.80E-10;4.366666667
000.0;000.0;000.0;8.90E-10;4.366666667
000.0;000.0;000.0;9.00E-10;4.366666667
514.46;7.902967564;7671.71460391;3.00E-10;4.788888889
515.83;8.131166958;7739.33517335;3.10E-10;4.788888889
516.94;8.315148537;7718.40499709;3.20E-10;4.788888889
517.8;8.459165378;7670.10459035;3.31E-10;4.788888889
518.45;8.570912137;7620.19417006;3.41E-10;4.788888889
518.9;8.653429806;7562.23368197;3.51E-10;4.788888889
519.2;8.714631894;7515.54328879;3.61E-10;4.788888889
519.35;8.755330498;7491.39308542;3.71E-10;4.788888889
519.45;8.789256695;7459.19281425;3.81E-10;4.788888889
519.5;8.816579638;7439.87265156;3.92E-10;4.788888889
519.5;8.837330305;7439.87265156;4.02E-10;4.788888889
519.5;8.857992632;7447.92271935;4.12E-10;4.788888889
519.5;8.878358932;7464.02285493;4.22E-10;4.788888889
519.55;8.904781918;7501.05316676;4.32E-10;4.788888889
519.66;8.938330943;7557.40364129;4.42E-10;4.788888889
519.86;8.982797772;7628.24423785;4.53E-10;4.788888889
520.13;9.035220545;7723.23503777;4.63E-10;4.788888889
520.53;9.103690069;7829.4959326;4.73E-10;4.788888889
521.01;9.181141697;7953.46697656;4.83E-10;4.788888889
521.61;9.273243441;8075.82800697;4.93E-10;4.788888889
522.29;9.37440408;8185.30892892;5.03E-10;4.788888889
523.04;9.483399002;8277.07970172;5.14E-10;4.788888889
523.79;9.589998322;8344.70027116;5.24E-10;4.788888889
524.54;9.69443223;8391.39066434;5.34E-10;4.788888889
525.29;9.797034118;8425.20094906;5.44E-10;4.788888889
525.99;9.890447285;8433.25101685;5.54E-10;4.788888889
526.64;9.97495268;8439.69107108;5.64E-10;4.788888889
527.25;10.052380039;8436.47104397;5.75E-10;4.788888889
527.83;10.124534651;8426.81096262;5.85E-10;4.788888889
528.35;10.187027683;8415.54086771;5.95E-10;4.788888889
528.85;10.246219551;8404.27077281;6.05E-10;4.788888889
529.3;10.297673371;8388.17063723;6.15E-10;4.788888889
529.7;10.341543732;8373.6805152;6.25E-10;4.788888889
530.06;10.379491203;8362.4104203;6.36E-10;4.788888889
530.41;10.416202925;8344.70027116;6.46E-10;4.788888889
530.71;10.445646186;8328.60013558;6.56E-10;4.788888889
531.01;10.475496806;8320.55006779;6.66E-10;4.788888889
531.26;10.498196871;8307.66995933;6.76E-10;4.788888889
531.51;10.521376105;8289.95981019;6.86E-10;4.788888889
531.72;10.538979872;8283.51975596;6.97E-10;4.788888889
531.92;10.555574492;8272.24966105;7.07E-10;4.788888889
532.12;10.57266858;8265.80960682;7.17E-10;4.788888889
532.28;10.584220552;8251.3194848;7.27E-10;4.788888889
532.44;10.596263037;8243.26941701;7.37E-10;4.788888889
532.59;10.607275498;8238.43937633;7.47E-10;4.788888889
532.74;10.618754085;8233.60933566;7.58E-10;4.788888889
532.86;10.626166952;8227.16928143;7.68E-10;4.788888889
532.98;10.634015468;8223.94925431;7.78E-10;4.788888889
533.09;10.640781829;8217.50920008;7.88E-10;4.788888889
533.2;10.647950107;8214.28917296;7.98E-10;4.788888889
533.3;10.654002128;8211.06914585;8.08E-10;4.788888889
533.4;10.660427086;8203.01907806;8.19E-10;4.788888889
533.5;10.667204139;8196.57902382;8.29E-10;4.788888889
533.57;10.669815297;8194.96901027;8.39E-10;4.788888889
533.67;10.677252481;8190.13896959;8.49E-10;4.788888889
533.72;10.677498894;8185.30892892;8.59E-10;4.788888889
533.79;10.681040489;8180.47888824;8.69E-10;4.788888889
533.86;10.684862104;8177.25886113;8.80E-10;4.788888889
533.93;10.688950435;8175.64884757;8.90E-10;4.788888889
533.99;10.691797848;8172.42882045;9.00E-10;4.788888889
514.75;7.985500091;7752.21528181;3.00E-10;5.0
516.15;8.214302006;7795.68564788;3.10E-10;5.0
517.3;8.400382467;7769.92543095;3.20E-10;5.0
518.16;8.541085442;7721.62502421;3.31E-10;5.0
518.82;8.651008466;7666.88456324;3.41E-10;5.0
519.29;8.733119435;7615.36412938;3.51E-10;5.0
519.64;8.797999231;7581.55384466;3.61E-10;5.0
519.84;8.842350972;7541.30350571;3.71E-10;5.0
519.95;8.874660755;7512.32326167;3.81E-10;5.0
520.02;8.901756802;7501.05316676;3.92E-10;5.0
520.07;8.92629095;7499.44315321;4.02E-10;5.0
520.12;8.950799531;7505.88320744;4.12E-10;5.0
520.17;8.975065173;7530.03341081;4.22E-10;5.0
520.27;9.005514622;7563.84369553;4.32E-10;5.0
520.42;9.041875045;7625.02421073;4.42E-10;5.0
520.63;9.085204934;7695.86480728;4.53E-10;5.0
520.95;9.142147087;7786.02556653;4.63E-10;5.0
521.36;9.209820299;7893.89647492;4.73E-10;5.0
521.86;9.28811977;8001.7673833;4.83E-10;5.0
522.46;9.378526541;8111.24830525;4.93E-10;5.0
523.12;9.475353705;8209.45913229;5.03E-10;5.0
523.82;9.575799115;8285.12976951;5.14E-10;5.0
524.54;9.677098865;8338.26021693;5.24E-10;5.0
525.25;9.774964956;8381.73058299;5.34E-10;5.0
525.95;9.869679666;8404.27077281;5.44E-10;5.0
526.6;9.955390006;8412.3208406;5.54E-10;5.0
527.21;10.033892328;8418.76089483;5.64E-10;5.0
527.81;10.110067886;8421.98092194;5.75E-10;5.0
528.33;10.173389469;8405.88078636;5.85E-10;5.0
528.83;10.233293803;8396.22070502;5.95E-10;5.0
529.28;10.285358612;8388.17063723;6.05E-10;5.0
529.69;10.33128473;8375.29052876;6.15E-10;5.0
530.09;10.375795812;8355.97036607;6.25E-10;5.0
530.44;10.412877709;8336.65020337;6.36E-10;5.0
530.74;10.442637792;8326.99012202;6.46E-10;5.0
531.04;10.472761278;8318.94005423;6.56E-10;5.0
531.29;10.495695548;8306.05994577;6.66E-10;5.0
531.54;10.519077466;8293.1798373;6.76E-10;5.0
531.76;10.538375369;8283.51975596;6.86E-10;5.0
531.96;10.555127458;8272.24966105;6.97E-10;5.0
532.16;10.572364928;8262.5895797;7.07E-10;5.0
532.32;10.584045561;8251.3194848;7.17E-10;5.0
532.49;10.597715921;8243.26941701;7.27E-10;5.0
532.64;10.608840727;8236.82936277;7.37E-10;5.0
532.79;10.620424625;8231.9993221;7.47E-10;5.0
532.91;10.627937922;8227.16928143;7.58E-10;5.0
533.03;10.635885022;8222.33924075;7.68E-10;5.0
533.14;10.642746325;8215.89918652;7.78E-10;5.0
533.25;10.650007466;8212.6791594;7.88E-10;5.0
533.35;10.656152333;8206.23910517;7.98E-10;5.0
533.45;10.662665803;8199.79905094;8.08E-10;5.0
533.55;10.669530156;8194.96901027;8.19E-10;5.0
533.61;10.670729251;8191.74898315;8.29E-10;5.0
533.71;10.678251951;8188.52895603;8.39E-10;5.0
533.77;10.680084348;8182.0889018;8.49E-10;5.0
533.84;10.683709786;8177.25886113;8.59E-10;5.0
533.91;10.68761295;8177.25886113;8.69E-10;5.0
533.97;10.690287557;8172.42882045;8.80E-10;5.0
534.03;10.693217148;8167.59877978;8.90E-10;5.0
534.09;10.696386897;8167.59877978;9.00E-10;5.0
